
> aarnihalinen.fi@0.0.1 build /Users/arska/Projects/homepage/aarnihalinen.fi
> astro check && astro build

07:35:23 PM [content] Types generated 139ms
07:35:23 PM [check] Getting diagnostics for Astro files in /Users/arska/Projects/homepage/aarnihalinen.fi...
Result (18 files): 
- 0 errors
- 0 warnings
- 0 hints

07:35:25 PM [content] Types generated 140ms
07:35:25 PM [build] output target: static
07:35:25 PM [build] Collecting build info...
07:35:25 PM [build] Completed in 151ms.
07:35:25 PM [build] Building static entrypoints...
07:35:26 PM [build] Completed in 0.92s.

 building client 
vite v4.5.0 building for production...
transforming...
✓ 23 modules transformed.
rendering chunks...
computing gzip size...
dist/_astro/client.63d571f8.js  142.13 kB │ gzip: 45.78 kB
✓ built in 244ms
Completed in 246ms.


 generating static routes 
 error   styled.a is not a function
  File:
    /Users/arska/Projects/homepage/aarnihalinen.fi/node_modules/.pnpm/astro@3.4.0_typescript@5.2.2/node_modules/astro/dist/core/build/generate.js:193:22
  Code:
    192 |   }
    > 193 |   const pageModule = await pageModulePromise();
          |                      ^
      194 |   if (shouldSkipDraft(pageModule, pipeline.getSettings())) {
      195 |     logger.info(null, `${magenta("\u26A0\uFE0F")}  Skipping draft ${pageData.route.component}`);
      196 |     logger.warn(
  Stacktrace:
TypeError: styled.a is not a function
    at file:///Users/arska/Projects/homepage/aarnihalinen.fi/dist/chunks/pages/__eb49f3c3.mjs:16:22
    at ModuleJob.run (node:internal/modules/esm/module_job:217:25)
    at async ModuleLoader.import (node:internal/modules/esm/loader:316:24)
    at async generatePage (file:///Users/arska/Projects/homepage/aarnihalinen.fi/node_modules/.pnpm/astro@3.4.0_typescript@5.2.2/node_modules/astro/dist/core/build/generate.js:193:22)
    at async generatePages (file:///Users/arska/Projects/homepage/aarnihalinen.fi/node_modules/.pnpm/astro@3.4.0_typescript@5.2.2/node_modules/astro/dist/core/build/generate.js:147:9)
    at async staticBuild (file:///Users/arska/Projects/homepage/aarnihalinen.fi/node_modules/.pnpm/astro@3.4.0_typescript@5.2.2/node_modules/astro/dist/core/build/static-build.js:85:7)
    at async AstroBuilder.build (file:///Users/arska/Projects/homepage/aarnihalinen.fi/node_modules/.pnpm/astro@3.4.0_typescript@5.2.2/node_modules/astro/dist/core/build/index.js:127:5)
    at async AstroBuilder.run (file:///Users/arska/Projects/homepage/aarnihalinen.fi/node_modules/.pnpm/astro@3.4.0_typescript@5.2.2/node_modules/astro/dist/core/build/index.js:158:7)
    at async build (file:///Users/arska/Projects/homepage/aarnihalinen.fi/node_modules/.pnpm/astro@3.4.0_typescript@5.2.2/node_modules/astro/dist/core/build/index.js:37:3)
    at async build (file:///Users/arska/Projects/homepage/aarnihalinen.fi/node_modules/.pnpm/astro@3.4.0_typescript@5.2.2/node_modules/astro/dist/cli/build/index.js:21:3)
    at async runCommand (file:///Users/arska/Projects/homepage/aarnihalinen.fi/node_modules/.pnpm/astro@3.4.0_typescript@5.2.2/node_modules/astro/dist/cli/index.js:116:7)
    at async cli (file:///Users/arska/Projects/homepage/aarnihalinen.fi/node_modules/.pnpm/astro@3.4.0_typescript@5.2.2/node_modules/astro/dist/cli/index.js:144:5)

 ELIFECYCLE  Command failed with exit code 1.
